<?xml version="1.0" encoding="UTF-8" ?>
<testsuite tests="7" failures="0" name="NumsBetweenTest" time="0.189" errors="0" skipped="0">
  <properties>
    <property name="java.runtime.name" value="Java(TM) SE Runtime Environment"/>
    <property name="java.vm.version" value="11.0.6+8-LTS"/>
    <property name="sun.boot.library.path" value="D:\Program Files\Java11\jdk-11.0.6\bin"/>
    <property name="maven.multiModuleProjectDirectory" value="C:\Users\Artturi\Desktop\WORK\tehtava_2_osa"/>
    <property name="java.vm.vendor" value="Oracle Corporation"/>
    <property name="java.vendor.url" value="http://java.oracle.com/"/>
    <property name="guice.disable.misplaced.annotation.check" value="true"/>
    <property name="path.separator" value=";"/>
    <property name="java.vm.name" value="Java HotSpot(TM) 64-Bit Server VM"/>
    <property name="sun.os.patch.level" value=""/>
    <property name="user.script" value=""/>
    <property name="user.country" value="FI"/>
    <property name="sun.java.launcher" value="SUN_STANDARD"/>
    <property name="java.vm.specification.name" value="Java Virtual Machine Specification"/>
    <property name="user.dir" value="C:\Users\Artturi\Desktop\WORK\tehtava_2_osa"/>
    <property name="java.vm.compressedOopsMode" value="Zero based"/>
    <property name="java.runtime.version" value="11.0.6+8-LTS"/>
    <property name="java.awt.graphicsenv" value="sun.awt.Win32GraphicsEnvironment"/>
    <property name="os.arch" value="amd64"/>
    <property name="java.io.tmpdir" value="C:\Users\Artturi\AppData\Local\Temp\"/>
    <property name="line.separator" value="
"/>
    <property name="java.vm.specification.vendor" value="Oracle Corporation"/>
    <property name="user.variant" value=""/>
    <property name="os.name" value="Windows 10"/>
    <property name="classworlds.conf" value="D:\Program Files\apache-maven-3.6.3-bin.tar\apache-maven-3.6.3-bin\apache-maven-3.6.3\bin\..\bin\m2.conf"/>
    <property name="sun.jnu.encoding" value="Cp1252"/>
    <property name="java.library.path" value="D:\Program Files\Java11\jdk-11.0.6\bin;C:\Windows\Sun\Java\bin;C:\Windows\system32;C:\Windows;D:\Program Files\Java11\jdk-11.0.6\bin;C:\Program Files (x86)\Common Files\Oracle\Java\javapath;C:\Windows\system32;C:\Windows;C:\Windows\System32\Wbem;C:\Windows\System32\WindowsPowerShell\v1.0\;C:\Windows\System32\OpenSSH\;C:\Program Files (x86)\NVIDIA Corporation\PhysX\Common;C:\Program Files\Git\cmd;D:\nodejs\;C:\php;C:\Program Files (x86)\eSpeak\command_line;C:\Users\Artturi\AppData\Local\Programs\Python\Python37\Scripts;C:\Users\Artturi\AppData\Local\Programs\Python\Python37;D:\Program Files\PuTTY\;C:\Users\Artturi\Downloads\bal4web;C:\Users\Artturi\Downloads\balcon;D:\ffmpeg-20191203-12bbfc4-win64-static\bin;D:\Program Files\apache-maven-3.6.3-bin.tar\apache-maven-3.6.3-bin\apache-maven-3.6.3\bin;D:\Program Files\Java11\scripts;C:\Program Files\MongoDB\Server\4.0\bin;C:\Windows\System32\WindowsPowerShell\v1.0\;;C:\Program Files\Docker\Docker\resources\bin;C:\ProgramData\DockerDesktop\version-bin;C:\Users\Artturi\AppData\Local\Microsoft\WindowsApps;C:\Python27;C:\Users\Artturi\AppData\Roaming\npm;C:\Program Files\heroku\bin;C:\Users\Artturi\AppData\Local\Programs\Microsoft VS Code\bin;C:\Users\Artturi\AppData\Local\Programs\Python\Python37;C:\Users\Artturi\AppData\Local\Programs\Python\Python37\Scripts;D:\Program Files\JetBrains\WebStorm 2019.2.3\bin;;D:\Program Files\apache-maven-3.6.3-bin.tar;;."/>
    <property name="maven.conf" value="D:\Program Files\apache-maven-3.6.3-bin.tar\apache-maven-3.6.3-bin\apache-maven-3.6.3\bin\../conf"/>
    <property name="jdk.debug" value="release"/>
    <property name="java.class.version" value="55.0"/>
    <property name="java.specification.name" value="Java Platform API Specification"/>
    <property name="sun.management.compiler" value="HotSpot 64-Bit Tiered Compilers"/>
    <property name="os.version" value="10.0"/>
    <property name="library.jansi.path" value="D:\Program Files\apache-maven-3.6.3-bin.tar\apache-maven-3.6.3-bin\apache-maven-3.6.3\bin\..\lib\jansi-native"/>
    <property name="user.home" value="C:\Users\Artturi"/>
    <property name="user.timezone" value="Europe/Helsinki"/>
    <property name="java.awt.printerjob" value="sun.awt.windows.WPrinterJob"/>
    <property name="file.encoding" value="Cp1252"/>
    <property name="java.specification.version" value="11"/>
    <property name="user.name" value="Artturi"/>
    <property name="java.class.path" value="D:\Program Files\apache-maven-3.6.3-bin.tar\apache-maven-3.6.3-bin\apache-maven-3.6.3\bin\..\boot\plexus-classworlds-2.6.0.jar"/>
    <property name="java.vm.specification.version" value="11"/>
    <property name="sun.arch.data.model" value="64"/>
    <property name="sun.java.command" value="org.codehaus.plexus.classworlds.launcher.Launcher clean test"/>
    <property name="java.home" value="D:\Program Files\Java11\jdk-11.0.6"/>
    <property name="user.language" value="fi"/>
    <property name="java.specification.vendor" value="Oracle Corporation"/>
    <property name="awt.toolkit" value="sun.awt.windows.WToolkit"/>
    <property name="java.vm.info" value="mixed mode"/>
    <property name="java.version" value="11.0.6"/>
    <property name="java.vendor" value="Oracle Corporation"/>
    <property name="sun.stderr.encoding" value="cp850"/>
    <property name="maven.home" value="D:\Program Files\apache-maven-3.6.3-bin.tar\apache-maven-3.6.3-bin\apache-maven-3.6.3\bin\.."/>
    <property name="file.separator" value="\"/>
    <property name="java.version.date" value="2020-01-14"/>
    <property name="java.vendor.url.bug" value="http://bugreport.java.com/bugreport/"/>
    <property name="sun.io.unicode.encoding" value="UnicodeLittle"/>
    <property name="sun.cpu.endian" value="little"/>
    <property name="java.vendor.version" value="18.9"/>
    <property name="sun.stdout.encoding" value="cp850"/>
    <property name="sun.desktop" value="windows"/>
    <property name="sun.cpu.isalist" value="amd64"/>
  </properties>
  <testcase classname="NumsBetweenTest" name="NumsBetweenTest.test2" time="0.042"/>
  <testcase classname="NumsBetweenTest" name="NumsBetweenTest.test3" time="0.003"/>
  <testcase classname="NumsBetweenTest" name="NumsBetweenTest.test4" time="0.004"/>
  <testcase classname="NumsBetweenTest" name="NumsBetweenTest.test6" time="0.014"/>
  <testcase classname="NumsBetweenTest" name="NumsBetweenTest.test1" time="0.122"/>
  <testcase classname="NumsBetweenTest" name="NumsBetweenTest.test5" time="0.001"/>
  <testcase classname="NumsBetweenTest" name="NumsBetweenTest.test7" time="0.003"/>
</testsuite>